1 0 50
1 1 60
1 2 70
1 3 80
1 4 90
1 5 100
1 6 110
1 7 120
1 8 130
1 9 140
1 10 150
1 11 160
1 12 170
1 13 180
1 14 190
1 15 200
1 16 210
1 17 220
1 18 230
1 19 240
1 20 250
1 21 260
1 22 270
1 23 280
1 24 290
1 25 300
1 26 310
1 27 320
1 28 330
1 29 340
1 30 350
1 31 360
1 32 370
1 33 380
1 34 390
1 35 400
1 36 410
1 37 420
1 38 430
1 39 440
1 40 450
1 41 460
1 42 470
1 43 480
1 44 490
1 45 500
1 46 510
1 47 520
1 48 530
1 49 540
2 0 50
2 1 60
2 2 70
2 3 80
2 4 90
2 5 100
2 6 110
2 7 120
2 8 130
2 9 140
2 10 150
2 11 160
2 12 170
2 13 180
2 14 190
2 15 200
2 16 210
2 17 220
2 18 230
2 19 240
2 20 250
2 21 260
2 22 270
2 23 280
2 24 290
2 25 300
2 26 310
2 27 320
2 28 330
2 29 340
2 30 350
2 31 360
2 32 370
2 33 380
2 34 390
2 35 400
2 36 410
2 37 420
2 38 430
2 39 440
2 40 450
2 41 460
2 42 470
2 43 480
2 44 490
2 45 500
2 46 510
2 47 520
2 48 530
2 49 540
3 0 50
3 1 60
3 2 70
3 3 80
3 4 90
3 5 100
3 6 110
3 7 120
3 8 130
3 9 140
3 10 150
3 11 160
3 12 170
3 13 180
3 14 190
3 15 200
3 16 210
3 17 220
3 18 230
3 19 240
3 20 250
3 21 260
3 22 270
3 23 280
3 24 290
3 25 300
3 26 310
3 27 320
3 28 330
3 29 340
3 30 350
3 31 360
3 32 370
3 33 380
3 34 390
3 35 400
3 36 410
3 37 420
3 38 430
3 39 440
3 40 450
3 41 460
3 42 470
3 43 480
3 44 490
3 45 500
3 46 510
3 47 520
3 48 530
3 49 540
4 0 50
4 1 60
4 2 70
4 3 80
4 4 90
4 5 100
4 6 110
4 7 120
4 8 130
4 9 140
4 10 150
4 11 160
4 12 170
4 13 180
4 14 190
4 15 200
4 16 210
4 17 220
4 18 230
4 19 240
4 20 250
4 21 260
4 22 270
4 23 280
4 24 290
4 25 300
4 26 310
4 27 320
4 28 330
4 29 340
4 30 350
4 31 360
4 32 370
4 33 380
4 34 390
4 35 400
4 36 410
4 37 420
4 38 430
4 39 440
4 40 450
4 41 460
4 42 470
4 43 480
4 44 500
4 45 510
4 46 520
4 47 530
4 48 540
4 49 550
5 0 50
5 1 60
5 2 70
5 3 80
5 4 90
5 5 100
5 6 110
5 7 120
5 8 130
5 9 140
510 150
5 11 160
5 12 170
5 13 180
5 14 190
5 15 200
5 16 210
5 17 220
5 18 230
5 19 240
5 20 250
5 21 260
5 22 270
5 23 280
5 24 290
5 25 300
5 26 310
5 27 320
5 28 330
5 29 340
5 30 350
5 31 360
5 32 370
5 33 380
5 34 390
5 35 400
5 36 410
5 37 420
5 38 430
5 39 440
5 40 450
5 41 460
5 42 470
5 43 480
5 44 490
5 45 500
5 46 510
5 47 520
5 48 530
5 49 540
6 0 50
6 1 60
6 2 70
6 3 80
6 4 90
6 5 100
6 6 110
6 7 120
6 8 130
6 9 140
6 10 150
6 11 160
6 12 170
6 13 180
6 14 190
6 15 200
6 16 210
6 17 220
6 18 230
6 19 240
6 20 250
6 21 260
6 22 270
6 23 280
6 24 290
6 25 300
6 26 310
6 27 320
6 28 330
6 29 340
6 30 350
6 31 360
6 32 370
6 33 380
6 34 390
6 35 400
6 36 410
6 37 420
6 38 430
6 39 440
6 40 450
6 41 460
6 42 470
6 43 480
6 44 490
6 45 500
6 46 510
6 47 520
6 48 530
6 49 540
