1  cabbage.e3d       405
2  tomatoeplant1.e3d 407
3  tomatoeplant2.e3d 407
4  foodtomatoe.e3d   407
5  food_carrot.e3d   408
6  branch1.e3d       140
7  branch2.e3d       140
8  branch3.e3d       140
9  branch4.e3d       140
10 branch5.e3d       140
11 branch6.e3d       140
12 flowerbush3       36
13 flowerbush2.e3d   35
14 food_pumpkin.e3d  406
15 log1.e3d          214
16 log2.e3d          214
17 flowerorange1.e3d 29
18 flowerorange2.e3d 29
19 flowerorange3.e3d 29
20 flowerpink1.e3d   28
21 flowerwhite1.e3d  29
22 flowerwhite2.e3d  29
25 flowerwhite3.e3d  29
