1 0 10
1 1 10
1 2 10
1 3 11
1 4 11
1 5 11
1 6 11
1 7 11
1 8 12
1 9 12
1 10 12
1 11 12
1 12 12
1 13 13
1 14 13
1 15 13
1 16 13
1 17 13
1 18 14
1 19 14
1 20 14
1 21 14
1 22 14
1 23 15
1 24 15
1 25 15
1 26 15
1 27 15
1 28 16
1 29 16
1 30 16
1 31 16
1 32 16
1 33 17
1 34 17
1 35 17
1 36 17
1 37 17
1 38 18
1 39 18
1 40 18
1 41 18
1 42 18
1 43 19
1 44 19
1 45 19
1 46 19
1 47 19
1 48 20
1 49 20
2 0 10
2 1 10
2 2 10
2 3 11
2 4 11
2 5 11
2 6 11
2 7 11
2 8 12
2 9 12
2 10 12
2 11 12
2 12 12
2 13 13
2 14 13
2 15 13
2 16 13
2 17 13
2 18 14
2 19 14
2 20 14
2 21 14
2 22 14
2 23 15
2 24 15
2 25 15
2 26 15
2 27 15
2 28 16
2 29 16
2 30 16
2 31 16
2 32 16
2 33 17
2 34 17
2 35 17
2 36 17
2 37 17
2 38 18
2 39 18
2 40 18
2 41 18
2 42 18
2 43 19
2 44 19
2 45 19
2 46 19
2 47 19
2 48 20
2 49 20
3 0 10
3 1 10
3 2 10
3 3 11
3 4 11
3 5 11
3 6 11
3 7 11
3 8 12
3 9 12
3 10 12
3 11 12
3 12 12
3 13 13
3 14 13
3 15 13
3 16 13
3 17 13
3 18 14
3 19 14
3 20 14
3 21 14
3 22 14
3 23 15
3 24 15
3 25 15
3 26 15
3 27 15
3 28 16
3 29 16
3 30 16
3 31 16
3 32 16
3 33 17
3 34 17
3 35 17
3 36 17
3 37 17
3 38 18
3 39 18
3 40 18
3 41 18
3 42 18
3 43 19
3 44 19
3 45 19
3 46 19
3 47 19
3 48 20
3 49 20
4 0 10
4 1 10
4 2 10
4 3 11
4 4 11
4 5 11
4 6 11
4 7 11
4 8 12
4 9 12
4 10 12
4 11 12
4 12 12
4 13 13
4 14 13
4 15 13
4 16 13
4 17 13
4 18 14
4 19 14
4 20 14
4 21 14
4 22 14
4 23 15
4 24 15
4 25 15
4 26 15
4 27 15
4 28 16
4 29 16
4 30 16
4 31 16
4 32 16
4 33 17
4 34 17
4 35 17
4 36 17
4 37 17
4 38 18
4 39 18
4 40 18
4 41 18
4 42 18
4 43 19
4 44 19
4 45 19
4 46 19
4 47 19
4 48 20
4 49 20
5 0 10
5 1 10
52 10
5 3 11
5 4 11
5 5 11
5 6 11
5 7 11
5 8 12
5 9 12
510 12
5 11 12
5 12 12
5 13 13
5 14 13
5 15 13
5 16 13
5 17 13
5 18 14
5 19 14
5 20 14
5 21 14
5 22 14
5 23 15
5 24 15
5 25 15
5 26 15
5 27 15
5 28 16
5 29 16
5 30 16
5 31 16
5 32 16
5 33 17
5 34 17
5 35 17
5 36 17
5 37 17
5 38 18
5 39 18
5 40 18
5 41 18
5 42 18
5 43 19
5 44 19
5 45 19
5 46 19
5 47 19
5 48 20
5 49 20
6 0 10
6 1 10
6 2 10
6 3 11
6 4 11
6 5 11
6 6 11
6 7 11
6 8 12
6 9 12
6 10 12
6 11 12
6 12 12
6 13 13
6 14 13
6 15 13
6 16 13
6 17 13
6 18 14
6 19 14
6 20 14
6 21 14
6 22 14
6 23 15
6 24 15
6 25 15
6 26 15
6 27 15
6 28 16
6 29 16
6 30 16
6 31 16
6 32 16
6 33 17
6 34 17
6 35 17
6 36 17
6 37 17
6 38 18
6 39 18
6 40 18
6 41 18
6 42 18
6 43 19
6 44 19
6 45 19
6 46 19
6 47 19
6 48 20
6 49 20
